<?xml version="1.0" encoding="UTF-8"?>
<testsuite xmlns:xsi="http://www.w3.org/2001/XMLSchema-instance" xsi:noNamespaceSchemaLocation="https://maven.apache.org/surefire/maven-surefire-plugin/xsd/surefire-test-report.xsd" version="3.0.2" name="com.ns.notifications.EmailServiceTest" time="1.533" tests="1" errors="0" skipped="0" failures="0">
  <properties>
[...]
</properties>
  <testcase name="sendIncidentEmail_Success" classname="com.ns.notifications.EmailServiceTest" time="1.514">
    <system-out><![CDATA[16:07:43.141 [main] INFO com.ns.notifications.EmailService -- INFO - Email successfully sent to louay.kh@ns.com with template incident-template.html 
]]></system-out>
  </testcase>
</testsuite>